<?xml version="1.0" encoding="UTF-8"?>
<!-- Generated by org.testng.reporters.JUnitReportReporter -->
<testsuite skipped="0" hostname="DESKTOP-RMLD950" name="com.velocity.qa.testcases.VerifyHttpStatusOfUrl" tests="1" failures="0" timestamp="06 Dec 2019 04:41:38 GMT" time="357.902" errors="0">
  <testcase name="VerifyHttpStatus" time="357.902" classname="com.velocity.qa.testcases.VerifyHttpStatusOfUrl"/>
</testsuite> <!-- com.velocity.qa.testcases.VerifyHttpStatusOfUrl -->
