<?xml version="1.0" encoding="UTF-8"?>
<!-- Generated by org.testng.reporters.JUnitReportReporter -->
<testsuite skipped="0" hostname="DESKTOP-RMLD950" name="com.velocity.qa.testcases.SearchMmDevAgency" tests="1" failures="0" timestamp="06 Dec 2019 04:41:38 GMT" time="26.853" errors="0">
  <testcase name="verifyMmDevAgency" time="26.853" classname="com.velocity.qa.testcases.SearchMmDevAgency"/>
</testsuite> <!-- com.velocity.qa.testcases.SearchMmDevAgency -->
