<?xml version="1.0" encoding="UTF-8"?>
<!-- Generated by org.testng.reporters.JUnitReportReporter -->
<testsuite skipped="0" hostname="DESKTOP-RMLD950" name="com.velocity.qa.testcases.VerifyGTMCode" tests="1" failures="0" timestamp="06 Dec 2019 04:41:38 GMT" time="1.709" errors="0">
  <testcase name="VerifyGTMCodePresent" time="1.709" classname="com.velocity.qa.testcases.VerifyGTMCode"/>
</testsuite> <!-- com.velocity.qa.testcases.VerifyGTMCode -->
